<?xml version="1.0" encoding="UTF-8"?>
<!-- Generated by org.testng.reporters.JUnitReportReporter -->
<testsuite skipped="0" hostname="user-PC" name="IngeniousTechHub.IngeniousTechHubApp.ValidateNavigateBar" tests="1" failures="0" timestamp="22 Oct 2019 00:34:45 GMT" time="0.179" errors="0">
  <testcase name="validatetitleTest" time="0.179" classname="IngeniousTechHub.IngeniousTechHubApp.ValidateNavigateBar"/>
</testsuite> <!-- IngeniousTechHub.IngeniousTechHubApp.ValidateNavigateBar -->
