<?xml version="1.0" encoding="UTF-8"?>
<!-- Generated by org.testng.reporters.JUnitReportReporter -->
<testsuite skipped="0" hostname="user-PC" name="IngeniousTechHub.IngeniousTechHubApp.HomePage" tests="2" failures="0" timestamp="22 Oct 2019 00:35:56 GMT" time="15.956" errors="0">
  <testcase name="basePageNavigate" time="9.231" classname="IngeniousTechHub.IngeniousTechHubApp.HomePage"/>
  <testcase name="basePageNavigate" time="6.725" classname="IngeniousTechHub.IngeniousTechHubApp.HomePage"/>
</testsuite> <!-- IngeniousTechHub.IngeniousTechHubApp.HomePage -->
